<?xml version="1.0" encoding="UTF-8"?>
<!-- Generated by org.testng.reporters.JUnitReportReporter -->
<testsuite hostname="ITOPSs-MacBook-Pro-5.local" failures="0" tests="2" name="Runner.WebRunner" time="7.003" errors="0" timestamp="02 Aug 2023 05:51:27 GMT" skipped="0">
  <testcase classname="Runner.WebRunner" name="runScenario" time="0.360"/>
  <testcase classname="Runner.WebRunner" name="runScenario" time="6.643"/>
</testsuite> <!-- Runner.WebRunner -->
